<?xml version="1.0" encoding="UTF-8"?>
<robot generator="Robot 3.1.2 (Python 3.7.4 on win32)" generated="20191121 10:33:28.588" rpa="false">
<suite id="s1" name="TestSuite1" source="D:\JavaProject\Automation\RobotProject1\test\TestSuite1.robot">
<kw name="Log" library="BuiltIn" type="setup">
<doc>Logs the given message with the given level.</doc>
<arguments>
<arg>I am inside Test Suite SetUp</arg>
</arguments>
<msg timestamp="20191121 10:33:29.005" level="INFO">I am inside Test Suite SetUp</msg>
<status status="PASS" starttime="20191121 10:33:29.005" endtime="20191121 10:33:29.005"></status>
</kw>
<test id="s1-t1" name="MyFirstTest">
<kw name="Log" library="BuiltIn" type="setup">
<doc>Logs the given message with the given level.</doc>
<arguments>
<arg>I am inside Test Setup</arg>
</arguments>
<msg timestamp="20191121 10:33:29.006" level="INFO">I am inside Test Setup</msg>
<status status="PASS" starttime="20191121 10:33:29.006" endtime="20191121 10:33:29.006"></status>
</kw>
<kw name="Log" library="BuiltIn">
<doc>Logs the given message with the given level.</doc>
<arguments>
<arg>Hello World...</arg>
</arguments>
<msg timestamp="20191121 10:33:29.007" level="INFO">Hello World...</msg>
<status status="PASS" starttime="20191121 10:33:29.007" endtime="20191121 10:33:29.007"></status>
</kw>
<kw name="Log" library="BuiltIn" type="teardown">
<doc>Logs the given message with the given level.</doc>
<arguments>
<arg>I am inside Test Teardown</arg>
</arguments>
<msg timestamp="20191121 10:33:29.007" level="INFO">I am inside Test Teardown</msg>
<status status="PASS" starttime="20191121 10:33:29.007" endtime="20191121 10:33:29.007"></status>
</kw>
<tags>
<tag>smoke</tag>
</tags>
<status status="PASS" starttime="20191121 10:33:29.005" endtime="20191121 10:33:29.008" critical="yes"></status>
</test>
<test id="s1-t2" name="MySecondTest">
<kw name="Log" library="BuiltIn" type="setup">
<doc>Logs the given message with the given level.</doc>
<arguments>
<arg>I am inside Test Setup</arg>
</arguments>
<msg timestamp="20191121 10:33:29.009" level="INFO">I am inside Test Setup</msg>
<status status="PASS" starttime="20191121 10:33:29.009" endtime="20191121 10:33:29.009"></status>
</kw>
<kw name="Log" library="BuiltIn">
<doc>Logs the given message with the given level.</doc>
<arguments>
<arg>I am inside 2nd test</arg>
</arguments>
<msg timestamp="20191121 10:33:29.009" level="INFO">I am inside 2nd test</msg>
<status status="PASS" starttime="20191121 10:33:29.009" endtime="20191121 10:33:29.009"></status>
</kw>
<kw name="Set Tags" library="BuiltIn">
<doc>Adds given ``tags`` for the current test or all tests in a suite.</doc>
<arguments>
<arg>regression1</arg>
</arguments>
<msg timestamp="20191121 10:33:29.010" level="INFO">Set tag 'regression1'.</msg>
<status status="PASS" starttime="20191121 10:33:29.009" endtime="20191121 10:33:29.010"></status>
</kw>
<kw name="Log" library="BuiltIn" type="teardown">
<doc>Logs the given message with the given level.</doc>
<arguments>
<arg>I am inside Test Teardown</arg>
</arguments>
<msg timestamp="20191121 10:33:29.010" level="INFO">I am inside Test Teardown</msg>
<status status="PASS" starttime="20191121 10:33:29.010" endtime="20191121 10:33:29.010"></status>
</kw>
<tags>
<tag>regression1</tag>
<tag>sanity</tag>
</tags>
<status status="PASS" starttime="20191121 10:33:29.008" endtime="20191121 10:33:29.010" critical="yes"></status>
</test>
<test id="s1-t3" name="MyThirdTest">
<kw name="Log" library="BuiltIn" type="setup">
<doc>Logs the given message with the given level.</doc>
<arguments>
<arg>I am inside Test Setup</arg>
</arguments>
<msg timestamp="20191121 10:33:29.011" level="INFO">I am inside Test Setup</msg>
<status status="PASS" starttime="20191121 10:33:29.011" endtime="20191121 10:33:29.011"></status>
</kw>
<kw name="Log" library="BuiltIn">
<doc>Logs the given message with the given level.</doc>
<arguments>
<arg>I am inside 3rd test</arg>
</arguments>
<msg timestamp="20191121 10:33:29.012" level="INFO">I am inside 3rd test</msg>
<status status="PASS" starttime="20191121 10:33:29.012" endtime="20191121 10:33:29.012"></status>
</kw>
<kw name="Log" library="BuiltIn" type="teardown">
<doc>Logs the given message with the given level.</doc>
<arguments>
<arg>I am inside Test Teardown</arg>
</arguments>
<msg timestamp="20191121 10:33:29.012" level="INFO">I am inside Test Teardown</msg>
<status status="PASS" starttime="20191121 10:33:29.012" endtime="20191121 10:33:29.012"></status>
</kw>
<tags>
<tag>sanity</tag>
</tags>
<status status="PASS" starttime="20191121 10:33:29.011" endtime="20191121 10:33:29.012" critical="yes"></status>
</test>
<test id="s1-t4" name="FirstSeleniumTest">
<kw name="Log" library="BuiltIn" type="setup">
<doc>Logs the given message with the given level.</doc>
<arguments>
<arg>I am inside Test Setup</arg>
</arguments>
<msg timestamp="20191121 10:33:29.013" level="INFO">I am inside Test Setup</msg>
<status status="PASS" starttime="20191121 10:33:29.013" endtime="20191121 10:33:29.013"></status>
</kw>
<kw name="Open Browser" library="SeleniumLibrary">
<doc>Opens a new browser instance to the optional ``url``.</doc>
<arguments>
<arg>https://www.google.com.tw/</arg>
<arg>chrome</arg>
</arguments>
<msg timestamp="20191121 10:33:29.014" level="INFO">Opening browser 'chrome' to base url 'https://www.google.com.tw/'.</msg>
<status status="PASS" starttime="20191121 10:33:29.013" endtime="20191121 10:33:36.316"></status>
</kw>
<kw name="Set Browser Implicit Wait" library="SeleniumLibrary">
<doc>Sets the implicit wait value used by Selenium.</doc>
<arguments>
<arg>5</arg>
</arguments>
<status status="PASS" starttime="20191121 10:33:36.317" endtime="20191121 10:33:36.318"></status>
</kw>
<kw name="Input Text" library="SeleniumLibrary">
<doc>Types the given ``text`` into the text field identified by ``locator``.</doc>
<arguments>
<arg>name=q</arg>
<arg>automation</arg>
</arguments>
<msg timestamp="20191121 10:33:36.318" level="INFO">Typing text 'automation' into text field 'name=q'.</msg>
<status status="PASS" starttime="20191121 10:33:36.318" endtime="20191121 10:33:36.475"></status>
</kw>
<kw name="Press Keys" library="SeleniumLibrary">
<doc>Simulates the user pressing key(s) to an element or on the active browser.</doc>
<arguments>
<arg>name=q</arg>
<arg>ENTER</arg>
</arguments>
<msg timestamp="20191121 10:33:36.476" level="INFO">Sending key(s) ('ENTER',) to name=q element.</msg>
<msg timestamp="20191121 10:33:36.481" level="INFO">Pressing special key ENTER to element.</msg>
<status status="PASS" starttime="20191121 10:33:36.476" endtime="20191121 10:33:40.841"></status>
</kw>
<kw name="Sleep" library="BuiltIn">
<doc>Pauses the test executed for the given time.</doc>
<arguments>
<arg>2</arg>
</arguments>
<msg timestamp="20191121 10:33:42.844" level="INFO">Slept 2 seconds</msg>
<status status="PASS" starttime="20191121 10:33:40.842" endtime="20191121 10:33:42.844"></status>
</kw>
<kw name="Close Browser" library="SeleniumLibrary">
<doc>Closes the current browser.</doc>
<status status="PASS" starttime="20191121 10:33:42.844" endtime="20191121 10:33:45.164"></status>
</kw>
<kw name="Log" library="BuiltIn">
<doc>Logs the given message with the given level.</doc>
<arguments>
<arg>Test Completed</arg>
</arguments>
<msg timestamp="20191121 10:33:45.166" level="INFO">Test Completed</msg>
<status status="PASS" starttime="20191121 10:33:45.165" endtime="20191121 10:33:45.166"></status>
</kw>
<kw name="Log" library="BuiltIn" type="teardown">
<doc>Logs the given message with the given level.</doc>
<arguments>
<arg>I am inside Test Teardown</arg>
</arguments>
<msg timestamp="20191121 10:33:45.168" level="INFO">I am inside Test Teardown</msg>
<status status="PASS" starttime="20191121 10:33:45.167" endtime="20191121 10:33:45.168"></status>
</kw>
<tags>
<tag>sanity</tag>
</tags>
<status status="PASS" starttime="20191121 10:33:29.012" endtime="20191121 10:33:45.170" critical="yes"></status>
</test>
<test id="s1-t5" name="SimpleLoginTest">
<kw name="Log" library="BuiltIn" type="setup">
<doc>Logs the given message with the given level.</doc>
<arguments>
<arg>I am inside Test Setup</arg>
</arguments>
<msg timestamp="20191121 10:33:45.176" level="INFO">I am inside Test Setup</msg>
<status status="PASS" starttime="20191121 10:33:45.175" endtime="20191121 10:33:45.177"></status>
</kw>
<kw name="Open Browser" library="SeleniumLibrary">
<doc>Opens a new browser instance to the optional ``url``.</doc>
<arguments>
<arg>${URL}</arg>
<arg>chrome</arg>
</arguments>
<msg timestamp="20191121 10:33:45.179" level="INFO">Opening browser 'chrome' to base url 'http://10.10.10.101/PXMART/Login.aspx'.</msg>
<status status="PASS" starttime="20191121 10:33:45.178" endtime="20191121 10:33:58.941"></status>
</kw>
<kw name="LoginKW">
<kw name="Input Text" library="SeleniumLibrary">
<doc>Types the given ``text`` into the text field identified by ``locator``.</doc>
<arguments>
<arg>id=Login1_UserName</arg>
<arg>@{CREDENTIALS}</arg>
</arguments>
<msg timestamp="20191121 10:33:58.943" level="INFO">Typing text 'sophiahu' into text field 'id=Login1_UserName'.</msg>
<status status="PASS" starttime="20191121 10:33:58.942" endtime="20191121 10:33:59.061"></status>
</kw>
<kw name="Input Password" library="SeleniumLibrary">
<doc>Types the given password into the text field identified by ``locator``.</doc>
<arguments>
<arg>id=Login1_Password</arg>
<arg>@{LOGINDATA}</arg>
</arguments>
<msg timestamp="20191121 10:33:59.062" level="INFO">Typing password into text field 'id=Login1_Password'.</msg>
<status status="PASS" starttime="20191121 10:33:59.061" endtime="20191121 10:33:59.145"></status>
</kw>
<kw name="Click Button" library="SeleniumLibrary">
<doc>Clicks the button identified by ``locator``.</doc>
<arguments>
<arg>id=Login1_OkButton</arg>
</arguments>
<msg timestamp="20191121 10:33:59.145" level="INFO">Clicking button 'id=Login1_OkButton'.</msg>
<status status="PASS" starttime="20191121 10:33:59.145" endtime="20191121 10:34:01.383"></status>
</kw>
<status status="PASS" starttime="20191121 10:33:58.941" endtime="20191121 10:34:01.384"></status>
</kw>
<kw name="Sleep" library="BuiltIn">
<doc>Pauses the test executed for the given time.</doc>
<arguments>
<arg>2</arg>
</arguments>
<msg timestamp="20191121 10:34:03.386" level="INFO">Slept 2 seconds</msg>
<status status="PASS" starttime="20191121 10:34:01.385" endtime="20191121 10:34:03.386"></status>
</kw>
<kw name="Click Button" library="SeleniumLibrary">
<doc>Clicks the button identified by ``locator``.</doc>
<arguments>
<arg>id=ctl00_LoginStatus1</arg>
</arguments>
<msg timestamp="20191121 10:34:03.387" level="INFO">Clicking button 'id=ctl00_LoginStatus1'.</msg>
<status status="PASS" starttime="20191121 10:34:03.386" endtime="20191121 10:34:03.738"></status>
</kw>
<kw name="Close Browser" library="SeleniumLibrary">
<doc>Closes the current browser.</doc>
<status status="PASS" starttime="20191121 10:34:03.739" endtime="20191121 10:34:06.025"></status>
</kw>
<kw name="Log" library="BuiltIn">
<doc>Logs the given message with the given level.</doc>
<arguments>
<arg>TestCompleted</arg>
</arguments>
<msg timestamp="20191121 10:34:06.027" level="INFO">TestCompleted</msg>
<status status="PASS" starttime="20191121 10:34:06.026" endtime="20191121 10:34:06.027"></status>
</kw>
<kw name="Log" library="BuiltIn" type="teardown">
<doc>Logs the given message with the given level.</doc>
<arguments>
<arg>I am inside Test Teardown</arg>
</arguments>
<msg timestamp="20191121 10:34:06.029" level="INFO">I am inside Test Teardown</msg>
<status status="PASS" starttime="20191121 10:34:06.028" endtime="20191121 10:34:06.029"></status>
</kw>
<tags>
<tag>sanity</tag>
</tags>
<status status="PASS" starttime="20191121 10:33:45.173" endtime="20191121 10:34:06.030" critical="yes"></status>
</test>
<kw name="Log" library="BuiltIn" type="teardown">
<doc>Logs the given message with the given level.</doc>
<arguments>
<arg>I am inside Test Suite Teardown</arg>
</arguments>
<msg timestamp="20191121 10:34:06.035" level="INFO">I am inside Test Suite Teardown</msg>
<status status="PASS" starttime="20191121 10:34:06.034" endtime="20191121 10:34:06.035"></status>
</kw>
<status status="PASS" starttime="20191121 10:33:28.595" endtime="20191121 10:34:06.035"></status>
</suite>
<statistics>
<total>
<stat pass="5" fail="0">Critical Tests</stat>
<stat pass="5" fail="0">All Tests</stat>
</total>
<tag>
<stat pass="1" fail="0">regression1</stat>
<stat pass="4" fail="0">sanity</stat>
<stat pass="1" fail="0">smoke</stat>
</tag>
<suite>
<stat pass="5" fail="0" id="s1" name="TestSuite1">TestSuite1</stat>
</suite>
</statistics>
<errors>
</errors>
</robot>
